\BOOKMARK [1][-]{section.1}{R\351ponses attendues pour la m\351thode count}{}% 1
\BOOKMARK [1][-]{section.2}{Grammaires}{}% 2
\BOOKMARK [2][-]{subsection.2.1}{Alphabet A,B}{section.2}% 3
\BOOKMARK [2][-]{subsection.2.2}{Mots de Dyck}{section.2}% 4
\BOOKMARK [2][-]{subsection.2.3}{Mots sur l'alphabet A,B qui n'ont pas trois lettres cons\351cutives \351gales}{section.2}% 5
\BOOKMARK [2][-]{subsection.2.4}{Palindromes sur l'alphabet A, B}{section.2}% 6
\BOOKMARK [2][-]{subsection.2.5}{Palindromes sur l'alphabet A, B, C}{section.2}% 7
\BOOKMARK [2][-]{subsection.2.6}{Mots sur l'alphabet A,B qui contiennent autant de A que de B}{section.2}% 8
\BOOKMARK [1][-]{section.3}{Calcul de la valuation}{}% 9
\BOOKMARK [2][-]{subsection.3.1}{Mots de Fibonacci}{section.3}% 10
\BOOKMARK [2][-]{subsection.3.2}{Mots de Dyck}{section.3}% 11
\BOOKMARK [2][-]{subsection.3.3}{Mots sur l'alphabet A,B}{section.3}% 12
\BOOKMARK [2][-]{subsection.3.4}{Mots qui n'ont pas trois lettres cons\351cutives \351gales sur A, B}{section.3}% 13
\BOOKMARK [2][-]{subsection.3.5}{Palindromes sur A,B}{section.3}% 14
\BOOKMARK [2][-]{subsection.3.6}{Palindromes sur A,B,C}{section.3}% 15
\BOOKMARK [2][-]{subsection.3.7}{Palindromes sur A,B,C}{section.3}% 16
\BOOKMARK [2][-]{subsection.3.8}{Mots sur A,B qui contiennent autant de A que de B}{section.3}% 17
\BOOKMARK [1][-]{section.4}{Fonction qui v\351rifie qu'une grammaire est correcte}{}% 18
\BOOKMARK [1][-]{section.5}{Structure du programme}{}% 19
\BOOKMARK [1][-]{section.6}{Tests de coh\351rence g\351n\351riques}{}% 20
\BOOKMARK [1][-]{section.7}{Ajout des fonctions : valuation, count, random, list, unrank}{}% 21
\BOOKMARK [1][-]{section.8}{Ajout de la fonction rank}{}% 22
\BOOKMARK [2][-]{subsection.8.1}{Ajout de rank dans Rules.py}{section.8}% 23
\BOOKMARK [2][-]{subsection.8.2}{Exemple de fonctions \340 ajouter aux grammaires pour obtenir rank}{section.8}% 24
\BOOKMARK [1][-]{section.9}{Caching}{}% 25
\BOOKMARK [1][-]{section.10}{Ajout des Grammaires Condens\351es}{}% 26
\BOOKMARK [2][-]{subsection.10.1}{Description Classe}{section.10}% 27
\BOOKMARK [2][-]{subsection.10.2}{Exemple traduction grammaire TreeGram}{section.10}% 28
\BOOKMARK [1][-]{section.11}{Constructeur Bound}{}% 29
\BOOKMARK [1][-]{section.12}{Sequence}{}% 30
